INFO:root:Initialized bot SheckyBotTeam
INFO:root:Go Shecky bot
INFO:root:useless_planets:0
INFO:root:useless_planets:0
INFO:root:useless_planets:0
INFO:root:useless_planets:0
INFO:root:useless_planets:0
INFO:root:Turn: 1
INFO:root:useless_planets:0
INFO:root:useless_planets:0
INFO:root:useless_planets:0
INFO:root:useless_planets:0
INFO:root:useless_planets:0
INFO:root:Turn: 2
INFO:root:useless_planets:0
INFO:root:useless_planets:0
INFO:root:useless_planets:0
INFO:root:useless_planets:0
INFO:root:useless_planets:0
INFO:root:Turn: 3
INFO:root:useless_planets:0
INFO:root:useless_planets:0
INFO:root:Turn: 4
INFO:root:Turn: 5
INFO:root:Turn: 6
INFO:root:Turn: 7
INFO:root:Turn: 8
INFO:root:Turn: 9
INFO:root:Turn: 10
INFO:root:useless_planets:0
INFO:root:Turn: 11
INFO:root:useless_planets:0
INFO:root:Turn: 12
INFO:root:useless_planets:0
INFO:root:Turn: 13
INFO:root:useless_planets:0
INFO:root:Turn: 14
INFO:root:useless_planets:0
INFO:root:Turn: 15
INFO:root:useless_planets:0
INFO:root:Turn: 16
INFO:root:useless_planets:0
INFO:root:Turn: 17
INFO:root:useless_planets:0
INFO:root:Turn: 18
INFO:root:useless_planets:0
INFO:root:useless_planets:0
INFO:root:Turn: 19
INFO:root:useless_planets:0
INFO:root:Turn: 20
INFO:root:useless_planets:0
INFO:root:Turn: 21
INFO:root:useless_planets:0
INFO:root:Turn: 22
INFO:root:useless_planets:0
INFO:root:Turn: 23
INFO:root:useless_planets:0
INFO:root:useless_planets:0
INFO:root:Turn: 24
INFO:root:useless_planets:0
INFO:root:useless_planets:0
INFO:root:Turn: 25
INFO:root:useless_planets:0
INFO:root:Turn: 26
INFO:root:useless_planets:0
INFO:root:Turn: 27
INFO:root:useless_planets:0
INFO:root:useless_planets:0
INFO:root:Turn: 28
INFO:root:useless_planets:0
INFO:root:useless_planets:0
INFO:root:Turn: 29
INFO:root:useless_planets:0
INFO:root:useless_planets:0
INFO:root:Turn: 30
INFO:root:useless_planets:0
INFO:root:useless_planets:0
INFO:root:Turn: 31
INFO:root:useless_planets:0
INFO:root:useless_planets:0
INFO:root:useless_planets:0
INFO:root:Turn: 32
INFO:root:useless_planets:0
INFO:root:useless_planets:0
INFO:root:useless_planets:0
INFO:root:Turn: 33
INFO:root:useless_planets:0
INFO:root:useless_planets:0
INFO:root:useless_planets:0
INFO:root:Turn: 34
INFO:root:useless_planets:0
INFO:root:useless_planets:0
INFO:root:useless_planets:0
INFO:root:useless_planets:0
INFO:root:Turn: 35
INFO:root:useless_planets:0
INFO:root:useless_planets:0
INFO:root:useless_planets:0
INFO:root:useless_planets:0
INFO:root:Turn: 36
INFO:root:useless_planets:0
INFO:root:useless_planets:0
INFO:root:useless_planets:0
INFO:root:useless_planets:0
INFO:root:Turn: 37
INFO:root:useless_planets:0
INFO:root:useless_planets:0
INFO:root:useless_planets:0
INFO:root:Turn: 38
INFO:root:useless_planets:0
INFO:root:useless_planets:0
INFO:root:useless_planets:0
INFO:root:Turn: 39
INFO:root:useless_planets:0
INFO:root:useless_planets:0
INFO:root:Turn: 40
INFO:root:useless_planets:0
INFO:root:useless_planets:0
INFO:root:useless_planets:0
INFO:root:useless_planets:0
INFO:root:Turn: 41
INFO:root:useless_planets:0
INFO:root:useless_planets:0
INFO:root:useless_planets:0
INFO:root:useless_planets:0
INFO:root:Turn: 42
INFO:root:useless_planets:0
INFO:root:useless_planets:0
INFO:root:useless_planets:0
INFO:root:useless_planets:0
INFO:root:useless_planets:0
INFO:root:Turn: 43
INFO:root:useless_planets:0
INFO:root:useless_planets:0
INFO:root:useless_planets:0
INFO:root:useless_planets:0
INFO:root:useless_planets:0
INFO:root:Turn: 44
INFO:root:useless_planets:0
INFO:root:useless_planets:0
INFO:root:useless_planets:0
INFO:root:useless_planets:0
INFO:root:useless_planets:0
INFO:root:useless_planets:0
INFO:root:useless_planets:0
INFO:root:Turn: 45
INFO:root:useless_planets:0
INFO:root:useless_planets:0
INFO:root:useless_planets:0
INFO:root:useless_planets:0
INFO:root:useless_planets:0
INFO:root:useless_planets:0
INFO:root:useless_planets:0
INFO:root:Turn: 46
INFO:root:useless_planets:0
INFO:root:useless_planets:0
INFO:root:useless_planets:0
INFO:root:useless_planets:0
INFO:root:useless_planets:0
INFO:root:useless_planets:0
INFO:root:useless_planets:0
INFO:root:Turn: 47
INFO:root:useless_planets:0
INFO:root:useless_planets:0
INFO:root:useless_planets:0
INFO:root:useless_planets:0
INFO:root:useless_planets:0
INFO:root:useless_planets:0
INFO:root:useless_planets:0
INFO:root:useless_planets:0
INFO:root:Turn: 48
INFO:root:useless_planets:0
INFO:root:useless_planets:0
INFO:root:useless_planets:0
INFO:root:useless_planets:0
INFO:root:useless_planets:0
INFO:root:useless_planets:0
INFO:root:useless_planets:0
INFO:root:useless_planets:0
INFO:root:useless_planets:0
INFO:root:Turn: 49
INFO:root:useless_planets:0
INFO:root:useless_planets:0
INFO:root:useless_planets:0
INFO:root:useless_planets:0
INFO:root:useless_planets:0
INFO:root:useless_planets:0
INFO:root:useless_planets:0
INFO:root:useless_planets:0
INFO:root:useless_planets:0
INFO:root:Turn: 50
INFO:root:useless_planets:0
INFO:root:useless_planets:0
INFO:root:useless_planets:0
INFO:root:useless_planets:0
INFO:root:useless_planets:0
INFO:root:useless_planets:0
INFO:root:useless_planets:0
INFO:root:useless_planets:0
INFO:root:useless_planets:0
INFO:root:useless_planets:0
INFO:root:Turn: 51
INFO:root:useless_planets:0
INFO:root:useless_planets:0
INFO:root:useless_planets:0
INFO:root:useless_planets:0
INFO:root:useless_planets:0
INFO:root:useless_planets:0
INFO:root:useless_planets:0
INFO:root:useless_planets:0
INFO:root:useless_planets:0
INFO:root:Turn: 52
INFO:root:useless_planets:0
INFO:root:useless_planets:0
INFO:root:useless_planets:0
INFO:root:useless_planets:0
INFO:root:useless_planets:0
INFO:root:useless_planets:0
INFO:root:useless_planets:0
INFO:root:useless_planets:0
INFO:root:useless_planets:0
INFO:root:Turn: 53
INFO:root:useless_planets:0
INFO:root:useless_planets:0
INFO:root:useless_planets:0
INFO:root:useless_planets:0
INFO:root:useless_planets:0
INFO:root:useless_planets:0
INFO:root:useless_planets:0
INFO:root:useless_planets:0
INFO:root:useless_planets:0
INFO:root:useless_planets:0
INFO:root:useless_planets:0
INFO:root:Turn: 54
INFO:root:useless_planets:0
INFO:root:useless_planets:0
INFO:root:useless_planets:0
INFO:root:useless_planets:0
INFO:root:useless_planets:0
INFO:root:useless_planets:0
INFO:root:useless_planets:0
INFO:root:useless_planets:0
INFO:root:useless_planets:0
INFO:root:useless_planets:0
INFO:root:useless_planets:0
INFO:root:Turn: 55
INFO:root:useless_planets:0
INFO:root:useless_planets:0
INFO:root:useless_planets:0
INFO:root:useless_planets:0
INFO:root:useless_planets:0
INFO:root:useless_planets:0
INFO:root:useless_planets:0
INFO:root:useless_planets:0
INFO:root:useless_planets:0
INFO:root:useless_planets:0
INFO:root:useless_planets:0
INFO:root:useless_planets:0
INFO:root:Turn: 56
INFO:root:useless_planets:0
INFO:root:useless_planets:0
INFO:root:useless_planets:0
INFO:root:useless_planets:0
INFO:root:useless_planets:0
INFO:root:useless_planets:0
INFO:root:useless_planets:0
INFO:root:useless_planets:0
INFO:root:useless_planets:0
INFO:root:useless_planets:0
INFO:root:useless_planets:0
INFO:root:Turn: 57
INFO:root:useless_planets:0
INFO:root:useless_planets:0
INFO:root:useless_planets:0
INFO:root:useless_planets:0
INFO:root:useless_planets:0
INFO:root:useless_planets:0
INFO:root:useless_planets:0
INFO:root:useless_planets:0
INFO:root:useless_planets:0
INFO:root:useless_planets:0
INFO:root:useless_planets:0
INFO:root:useless_planets:0
INFO:root:useless_planets:0
INFO:root:Turn: 58
INFO:root:useless_planets:0
INFO:root:useless_planets:0
INFO:root:useless_planets:0
INFO:root:useless_planets:0
INFO:root:useless_planets:0
INFO:root:useless_planets:0
INFO:root:useless_planets:0
INFO:root:useless_planets:0
INFO:root:useless_planets:0
INFO:root:useless_planets:0
INFO:root:useless_planets:0
INFO:root:useless_planets:0
INFO:root:Turn: 59
INFO:root:useless_planets:2
INFO:root:useless_planets:2
INFO:root:useless_planets:2
INFO:root:useless_planets:2
INFO:root:useless_planets:2
INFO:root:useless_planets:2
INFO:root:useless_planets:2
INFO:root:useless_planets:2
INFO:root:useless_planets:2
INFO:root:useless_planets:2
INFO:root:Turn: 60
INFO:root:useless_planets:3
INFO:root:useless_planets:3
INFO:root:useless_planets:3
INFO:root:useless_planets:3
INFO:root:useless_planets:3
INFO:root:useless_planets:3
INFO:root:useless_planets:3
INFO:root:useless_planets:3
INFO:root:useless_planets:3
INFO:root:Turn: 61
INFO:root:useless_planets:3
INFO:root:useless_planets:3
INFO:root:useless_planets:3
INFO:root:useless_planets:3
INFO:root:useless_planets:3
INFO:root:useless_planets:3
INFO:root:useless_planets:3
INFO:root:useless_planets:3
INFO:root:Turn: 62
INFO:root:useless_planets:3
INFO:root:useless_planets:3
INFO:root:useless_planets:3
INFO:root:useless_planets:3
INFO:root:useless_planets:3
INFO:root:useless_planets:3
INFO:root:useless_planets:3
INFO:root:useless_planets:3
INFO:root:Turn: 63
INFO:root:useless_planets:3
INFO:root:useless_planets:3
INFO:root:useless_planets:3
INFO:root:useless_planets:3
INFO:root:useless_planets:3
INFO:root:useless_planets:3
INFO:root:useless_planets:3
INFO:root:Turn: 64
INFO:root:useless_planets:3
INFO:root:useless_planets:3
INFO:root:useless_planets:3
INFO:root:useless_planets:3
INFO:root:useless_planets:3
INFO:root:useless_planets:3
INFO:root:useless_planets:3
INFO:root:useless_planets:3
INFO:root:Turn: 65
INFO:root:useless_planets:3
INFO:root:useless_planets:3
INFO:root:useless_planets:3
INFO:root:useless_planets:3
INFO:root:useless_planets:3
INFO:root:useless_planets:3
INFO:root:useless_planets:3
INFO:root:useless_planets:3
INFO:root:Turn: 66
INFO:root:useless_planets:3
INFO:root:useless_planets:3
INFO:root:useless_planets:3
INFO:root:useless_planets:3
INFO:root:useless_planets:3
INFO:root:useless_planets:3
INFO:root:Turn: 67
INFO:root:useless_planets:3
INFO:root:useless_planets:3
INFO:root:useless_planets:3
INFO:root:useless_planets:3
INFO:root:useless_planets:3
INFO:root:useless_planets:3
INFO:root:useless_planets:3
INFO:root:Turn: 68
INFO:root:useless_planets:3
INFO:root:useless_planets:3
INFO:root:useless_planets:3
INFO:root:useless_planets:3
INFO:root:useless_planets:3
INFO:root:useless_planets:3
INFO:root:useless_planets:3
INFO:root:useless_planets:3
INFO:root:useless_planets:3
INFO:root:Turn: 69
INFO:root:useless_planets:3
INFO:root:useless_planets:3
INFO:root:useless_planets:3
INFO:root:useless_planets:3
INFO:root:useless_planets:3
INFO:root:useless_planets:3
INFO:root:useless_planets:3
INFO:root:useless_planets:3
INFO:root:useless_planets:3
INFO:root:useless_planets:3
INFO:root:Turn: 70
INFO:root:useless_planets:3
INFO:root:useless_planets:3
INFO:root:useless_planets:3
INFO:root:useless_planets:3
INFO:root:useless_planets:3
INFO:root:useless_planets:3
INFO:root:useless_planets:3
INFO:root:useless_planets:3
INFO:root:useless_planets:3
INFO:root:useless_planets:3
INFO:root:useless_planets:3
INFO:root:Turn: 71
INFO:root:useless_planets:3
INFO:root:useless_planets:3
INFO:root:useless_planets:3
INFO:root:useless_planets:3
INFO:root:useless_planets:3
INFO:root:useless_planets:3
INFO:root:useless_planets:3
INFO:root:useless_planets:3
INFO:root:useless_planets:3
INFO:root:useless_planets:3
INFO:root:useless_planets:3
INFO:root:Turn: 72
INFO:root:useless_planets:3
INFO:root:useless_planets:3
INFO:root:useless_planets:3
INFO:root:useless_planets:3
INFO:root:useless_planets:3
INFO:root:useless_planets:3
INFO:root:useless_planets:3
INFO:root:useless_planets:3
INFO:root:useless_planets:3
INFO:root:useless_planets:3
INFO:root:useless_planets:3
INFO:root:Turn: 73
INFO:root:useless_planets:3
INFO:root:useless_planets:3
INFO:root:useless_planets:3
INFO:root:useless_planets:3
INFO:root:useless_planets:3
INFO:root:useless_planets:3
INFO:root:useless_planets:3
INFO:root:useless_planets:3
INFO:root:useless_planets:3
INFO:root:useless_planets:3
INFO:root:useless_planets:3
INFO:root:useless_planets:3
INFO:root:useless_planets:3
INFO:root:Turn: 74
INFO:root:useless_planets:3
INFO:root:useless_planets:3
INFO:root:useless_planets:3
INFO:root:useless_planets:3
INFO:root:useless_planets:3
INFO:root:useless_planets:3
INFO:root:useless_planets:3
INFO:root:useless_planets:3
INFO:root:useless_planets:3
INFO:root:useless_planets:3
INFO:root:useless_planets:3
INFO:root:Turn: 75
INFO:root:useless_planets:3
INFO:root:useless_planets:3
INFO:root:useless_planets:3
INFO:root:useless_planets:3
INFO:root:useless_planets:3
INFO:root:useless_planets:3
INFO:root:useless_planets:3
INFO:root:useless_planets:3
INFO:root:useless_planets:3
INFO:root:useless_planets:3
INFO:root:Turn: 76
INFO:root:useless_planets:3
INFO:root:useless_planets:3
INFO:root:useless_planets:3
INFO:root:useless_planets:3
INFO:root:useless_planets:3
INFO:root:useless_planets:3
INFO:root:useless_planets:3
INFO:root:useless_planets:3
INFO:root:useless_planets:3
INFO:root:useless_planets:3
INFO:root:Turn: 77
INFO:root:useless_planets:3
INFO:root:useless_planets:3
INFO:root:useless_planets:3
INFO:root:useless_planets:3
INFO:root:useless_planets:3
INFO:root:useless_planets:3
INFO:root:useless_planets:3
INFO:root:useless_planets:3
INFO:root:useless_planets:3
INFO:root:Turn: 78
INFO:root:useless_planets:3
INFO:root:useless_planets:3
INFO:root:useless_planets:3
INFO:root:useless_planets:3
INFO:root:useless_planets:3
INFO:root:useless_planets:3
INFO:root:useless_planets:3
INFO:root:useless_planets:3
INFO:root:useless_planets:3
INFO:root:useless_planets:3
INFO:root:Turn: 79
INFO:root:useless_planets:3
INFO:root:useless_planets:3
INFO:root:useless_planets:3
INFO:root:useless_planets:3
INFO:root:useless_planets:3
INFO:root:useless_planets:3
INFO:root:useless_planets:3
INFO:root:useless_planets:3
INFO:root:Turn: 80
INFO:root:useless_planets:3
INFO:root:useless_planets:3
INFO:root:useless_planets:3
INFO:root:useless_planets:3
INFO:root:useless_planets:3
INFO:root:useless_planets:3
INFO:root:useless_planets:3
INFO:root:useless_planets:3
INFO:root:useless_planets:3
INFO:root:useless_planets:3
INFO:root:useless_planets:3
INFO:root:Turn: 81
INFO:root:useless_planets:3
INFO:root:useless_planets:3
INFO:root:useless_planets:3
INFO:root:useless_planets:3
INFO:root:useless_planets:3
INFO:root:useless_planets:3
INFO:root:useless_planets:3
INFO:root:useless_planets:3
INFO:root:useless_planets:3
INFO:root:useless_planets:3
INFO:root:useless_planets:3
INFO:root:Turn: 82
INFO:root:useless_planets:3
INFO:root:useless_planets:3
INFO:root:useless_planets:3
INFO:root:useless_planets:3
INFO:root:useless_planets:3
INFO:root:useless_planets:3
INFO:root:useless_planets:3
INFO:root:useless_planets:3
INFO:root:useless_planets:3
INFO:root:useless_planets:3
INFO:root:useless_planets:3
INFO:root:useless_planets:3
INFO:root:Turn: 83
INFO:root:useless_planets:3
INFO:root:useless_planets:3
INFO:root:useless_planets:3
INFO:root:useless_planets:3
INFO:root:useless_planets:3
INFO:root:useless_planets:3
INFO:root:useless_planets:3
INFO:root:useless_planets:3
INFO:root:useless_planets:3
INFO:root:useless_planets:3
INFO:root:useless_planets:3
INFO:root:useless_planets:3
INFO:root:useless_planets:3
INFO:root:Turn: 84
INFO:root:useless_planets:3
INFO:root:useless_planets:3
INFO:root:useless_planets:3
INFO:root:useless_planets:3
INFO:root:useless_planets:3
INFO:root:useless_planets:3
INFO:root:useless_planets:3
INFO:root:useless_planets:3
INFO:root:useless_planets:3
INFO:root:useless_planets:3
INFO:root:useless_planets:3
INFO:root:useless_planets:3
INFO:root:useless_planets:3
INFO:root:Turn: 85
INFO:root:useless_planets:3
INFO:root:useless_planets:3
INFO:root:useless_planets:3
INFO:root:useless_planets:3
INFO:root:useless_planets:3
INFO:root:useless_planets:3
INFO:root:useless_planets:3
INFO:root:useless_planets:3
INFO:root:useless_planets:3
INFO:root:useless_planets:3
INFO:root:useless_planets:3
INFO:root:useless_planets:3
INFO:root:useless_planets:3
INFO:root:Turn: 86
INFO:root:useless_planets:4
INFO:root:useless_planets:4
INFO:root:useless_planets:4
INFO:root:useless_planets:4
INFO:root:useless_planets:4
INFO:root:useless_planets:4
INFO:root:useless_planets:4
INFO:root:useless_planets:4
INFO:root:useless_planets:4
INFO:root:useless_planets:4
INFO:root:useless_planets:4
INFO:root:useless_planets:4
INFO:root:useless_planets:4
INFO:root:useless_planets:4
INFO:root:Turn: 87
INFO:root:useless_planets:4
INFO:root:useless_planets:4
INFO:root:useless_planets:4
INFO:root:useless_planets:4
INFO:root:useless_planets:4
INFO:root:useless_planets:4
INFO:root:useless_planets:4
INFO:root:useless_planets:4
INFO:root:useless_planets:4
INFO:root:useless_planets:4
INFO:root:useless_planets:4
INFO:root:useless_planets:4
INFO:root:useless_planets:4
INFO:root:useless_planets:4
INFO:root:useless_planets:4
INFO:root:Turn: 88
INFO:root:useless_planets:4
INFO:root:useless_planets:4
INFO:root:useless_planets:4
INFO:root:useless_planets:4
INFO:root:useless_planets:4
INFO:root:useless_planets:4
INFO:root:useless_planets:4
INFO:root:useless_planets:4
INFO:root:useless_planets:4
INFO:root:useless_planets:4
INFO:root:useless_planets:4
INFO:root:useless_planets:4
INFO:root:useless_planets:4
INFO:root:useless_planets:4
INFO:root:useless_planets:4
INFO:root:useless_planets:4
INFO:root:Turn: 89
INFO:root:useless_planets:4
INFO:root:useless_planets:4
INFO:root:useless_planets:4
INFO:root:useless_planets:4
INFO:root:useless_planets:4
INFO:root:useless_planets:4
INFO:root:useless_planets:4
INFO:root:useless_planets:4
INFO:root:useless_planets:4
INFO:root:useless_planets:4
INFO:root:useless_planets:4
INFO:root:useless_planets:4
INFO:root:useless_planets:4
INFO:root:useless_planets:4
INFO:root:useless_planets:4
INFO:root:Turn: 90
INFO:root:useless_planets:5
INFO:root:useless_planets:5
INFO:root:useless_planets:5
INFO:root:useless_planets:5
INFO:root:useless_planets:5
INFO:root:useless_planets:5
INFO:root:useless_planets:5
INFO:root:useless_planets:5
INFO:root:useless_planets:5
INFO:root:useless_planets:5
INFO:root:useless_planets:5
INFO:root:useless_planets:5
INFO:root:useless_planets:5
INFO:root:useless_planets:5
INFO:root:Turn: 91
INFO:root:useless_planets:5
INFO:root:useless_planets:5
INFO:root:useless_planets:5
INFO:root:useless_planets:5
INFO:root:useless_planets:5
INFO:root:useless_planets:5
INFO:root:useless_planets:5
INFO:root:useless_planets:5
INFO:root:useless_planets:5
INFO:root:useless_planets:5
INFO:root:useless_planets:5
INFO:root:useless_planets:5
INFO:root:useless_planets:5
INFO:root:useless_planets:5
INFO:root:Turn: 92
INFO:root:useless_planets:6
INFO:root:useless_planets:6
INFO:root:useless_planets:6
INFO:root:useless_planets:6
INFO:root:useless_planets:6
INFO:root:useless_planets:6
INFO:root:useless_planets:6
INFO:root:useless_planets:6
INFO:root:useless_planets:6
INFO:root:useless_planets:6
INFO:root:useless_planets:6
INFO:root:useless_planets:6
INFO:root:useless_planets:6
INFO:root:useless_planets:6
INFO:root:Turn: 93
INFO:root:useless_planets:7
INFO:root:useless_planets:7
INFO:root:useless_planets:7
INFO:root:useless_planets:7
INFO:root:useless_planets:7
INFO:root:useless_planets:7
INFO:root:useless_planets:7
INFO:root:useless_planets:7
INFO:root:useless_planets:7
INFO:root:useless_planets:7
INFO:root:useless_planets:7
INFO:root:useless_planets:7
INFO:root:useless_planets:7
INFO:root:useless_planets:7
INFO:root:Turn: 94
INFO:root:useless_planets:8
INFO:root:useless_planets:8
INFO:root:useless_planets:8
INFO:root:useless_planets:8
INFO:root:useless_planets:8
INFO:root:useless_planets:8
INFO:root:useless_planets:8
INFO:root:useless_planets:8
INFO:root:useless_planets:8
INFO:root:useless_planets:8
INFO:root:useless_planets:8
INFO:root:useless_planets:8
INFO:root:useless_planets:8
INFO:root:useless_planets:8
INFO:root:Turn: 95
INFO:root:useless_planets:8
INFO:root:useless_planets:8
INFO:root:useless_planets:8
INFO:root:useless_planets:8
INFO:root:useless_planets:8
INFO:root:useless_planets:8
INFO:root:useless_planets:8
INFO:root:useless_planets:8
INFO:root:useless_planets:8
INFO:root:useless_planets:8
INFO:root:useless_planets:8
INFO:root:useless_planets:8
INFO:root:useless_planets:8
INFO:root:useless_planets:8
INFO:root:useless_planets:8
INFO:root:Turn: 96
INFO:root:useless_planets:8
INFO:root:useless_planets:8
INFO:root:useless_planets:8
INFO:root:useless_planets:8
INFO:root:useless_planets:8
INFO:root:useless_planets:8
INFO:root:useless_planets:8
INFO:root:useless_planets:8
INFO:root:useless_planets:8
INFO:root:useless_planets:8
INFO:root:useless_planets:8
INFO:root:useless_planets:8
INFO:root:useless_planets:8
INFO:root:useless_planets:8
INFO:root:useless_planets:8
INFO:root:Turn: 97
INFO:root:useless_planets:10
INFO:root:useless_planets:10
INFO:root:useless_planets:10
INFO:root:useless_planets:10
INFO:root:useless_planets:10
INFO:root:useless_planets:10
INFO:root:useless_planets:10
INFO:root:useless_planets:10
INFO:root:useless_planets:10
INFO:root:useless_planets:10
INFO:root:useless_planets:10
INFO:root:useless_planets:10
INFO:root:useless_planets:10
INFO:root:useless_planets:10
INFO:root:useless_planets:10
INFO:root:useless_planets:10
INFO:root:useless_planets:10
INFO:root:Turn: 98
INFO:root:useless_planets:10
INFO:root:useless_planets:10
INFO:root:useless_planets:10
INFO:root:useless_planets:10
INFO:root:useless_planets:10
INFO:root:useless_planets:10
INFO:root:useless_planets:10
INFO:root:useless_planets:10
INFO:root:useless_planets:10
INFO:root:useless_planets:10
INFO:root:useless_planets:10
INFO:root:useless_planets:10
INFO:root:useless_planets:10
INFO:root:useless_planets:10
INFO:root:useless_planets:10
INFO:root:useless_planets:10
INFO:root:Turn: 99
INFO:root:useless_planets:10
INFO:root:useless_planets:10
INFO:root:useless_planets:10
INFO:root:useless_planets:10
INFO:root:useless_planets:10
INFO:root:useless_planets:10
INFO:root:useless_planets:10
INFO:root:useless_planets:10
INFO:root:useless_planets:10
INFO:root:useless_planets:10
INFO:root:useless_planets:10
INFO:root:useless_planets:10
INFO:root:useless_planets:10
INFO:root:useless_planets:10
INFO:root:useless_planets:10
INFO:root:useless_planets:10
INFO:root:useless_planets:10
INFO:root:Turn: 100
INFO:root:useless_planets:10
INFO:root:useless_planets:10
INFO:root:useless_planets:10
INFO:root:useless_planets:10
INFO:root:useless_planets:10
INFO:root:useless_planets:10
INFO:root:useless_planets:10
INFO:root:useless_planets:10
INFO:root:useless_planets:10
INFO:root:useless_planets:10
INFO:root:useless_planets:10
INFO:root:useless_planets:10
INFO:root:useless_planets:10
INFO:root:useless_planets:10
INFO:root:useless_planets:10
INFO:root:useless_planets:10
INFO:root:useless_planets:10
INFO:root:useless_planets:10
INFO:root:Turn: 101
INFO:root:useless_planets:10
INFO:root:useless_planets:10
INFO:root:useless_planets:10
INFO:root:useless_planets:10
INFO:root:useless_planets:10
INFO:root:useless_planets:10
INFO:root:useless_planets:10
INFO:root:useless_planets:10
INFO:root:useless_planets:10
INFO:root:useless_planets:10
INFO:root:useless_planets:10
INFO:root:useless_planets:10
INFO:root:useless_planets:10
INFO:root:useless_planets:10
INFO:root:useless_planets:10
INFO:root:useless_planets:10
INFO:root:useless_planets:10
INFO:root:Turn: 102
INFO:root:useless_planets:10
INFO:root:useless_planets:10
INFO:root:useless_planets:10
INFO:root:useless_planets:10
INFO:root:useless_planets:10
INFO:root:useless_planets:10
INFO:root:useless_planets:10
INFO:root:useless_planets:10
INFO:root:useless_planets:10
INFO:root:useless_planets:10
INFO:root:useless_planets:10
INFO:root:useless_planets:10
INFO:root:useless_planets:10
INFO:root:useless_planets:10
INFO:root:useless_planets:10
INFO:root:useless_planets:10
INFO:root:useless_planets:10
INFO:root:useless_planets:10
INFO:root:useless_planets:10
INFO:root:Turn: 103
INFO:root:useless_planets:10
INFO:root:useless_planets:10
INFO:root:useless_planets:10
INFO:root:useless_planets:10
INFO:root:useless_planets:10
INFO:root:useless_planets:10
INFO:root:useless_planets:10
INFO:root:useless_planets:10
INFO:root:useless_planets:10
INFO:root:useless_planets:10
INFO:root:useless_planets:10
INFO:root:useless_planets:10
INFO:root:useless_planets:10
INFO:root:useless_planets:10
INFO:root:useless_planets:10
INFO:root:useless_planets:10
INFO:root:useless_planets:10
INFO:root:useless_planets:10
INFO:root:useless_planets:10
INFO:root:useless_planets:10
INFO:root:Turn: 104
INFO:root:useless_planets:10
INFO:root:useless_planets:10
INFO:root:useless_planets:10
INFO:root:useless_planets:10
INFO:root:useless_planets:10
INFO:root:useless_planets:10
INFO:root:useless_planets:10
INFO:root:useless_planets:10
INFO:root:useless_planets:10
INFO:root:useless_planets:10
INFO:root:useless_planets:10
INFO:root:useless_planets:10
INFO:root:useless_planets:10
INFO:root:useless_planets:10
INFO:root:useless_planets:10
INFO:root:useless_planets:10
INFO:root:useless_planets:10
INFO:root:useless_planets:10
INFO:root:useless_planets:10
INFO:root:Turn: 105
INFO:root:useless_planets:10
INFO:root:useless_planets:10
INFO:root:useless_planets:10
INFO:root:useless_planets:10
INFO:root:useless_planets:10
INFO:root:useless_planets:10
INFO:root:useless_planets:10
INFO:root:useless_planets:10
INFO:root:useless_planets:10
INFO:root:useless_planets:10
INFO:root:useless_planets:10
INFO:root:useless_planets:10
INFO:root:useless_planets:10
INFO:root:useless_planets:10
INFO:root:useless_planets:10
INFO:root:useless_planets:10
INFO:root:useless_planets:10
INFO:root:useless_planets:10
INFO:root:useless_planets:10
INFO:root:useless_planets:10
INFO:root:useless_planets:10
INFO:root:Turn: 106
INFO:root:useless_planets:10
INFO:root:useless_planets:10
INFO:root:useless_planets:10
INFO:root:useless_planets:10
INFO:root:useless_planets:10
INFO:root:useless_planets:10
INFO:root:useless_planets:10
INFO:root:useless_planets:10
INFO:root:useless_planets:10
INFO:root:useless_planets:10
INFO:root:useless_planets:10
INFO:root:useless_planets:10
INFO:root:useless_planets:10
INFO:root:useless_planets:10
INFO:root:useless_planets:10
INFO:root:useless_planets:10
INFO:root:useless_planets:10
INFO:root:useless_planets:10
INFO:root:useless_planets:10
INFO:root:useless_planets:10
INFO:root:useless_planets:10
INFO:root:useless_planets:10
INFO:root:useless_planets:10
INFO:root:Turn: 107
INFO:root:useless_planets:10
INFO:root:useless_planets:10
INFO:root:useless_planets:10
INFO:root:useless_planets:10
INFO:root:useless_planets:10
INFO:root:useless_planets:10
INFO:root:useless_planets:10
INFO:root:useless_planets:10
INFO:root:useless_planets:10
INFO:root:useless_planets:10
INFO:root:useless_planets:10
INFO:root:useless_planets:10
INFO:root:useless_planets:10
INFO:root:useless_planets:10
INFO:root:useless_planets:10
INFO:root:useless_planets:10
INFO:root:useless_planets:10
INFO:root:useless_planets:10
INFO:root:useless_planets:10
INFO:root:useless_planets:10
INFO:root:useless_planets:10
INFO:root:useless_planets:10
INFO:root:useless_planets:10
INFO:root:useless_planets:10
INFO:root:Turn: 108
INFO:root:useless_planets:10
INFO:root:useless_planets:10
INFO:root:useless_planets:10
INFO:root:useless_planets:10
INFO:root:useless_planets:10
INFO:root:useless_planets:10
INFO:root:useless_planets:10
INFO:root:useless_planets:10
INFO:root:useless_planets:10
INFO:root:useless_planets:10
INFO:root:useless_planets:10
INFO:root:useless_planets:10
INFO:root:useless_planets:10
INFO:root:useless_planets:10
INFO:root:useless_planets:10
INFO:root:useless_planets:10
INFO:root:useless_planets:10
INFO:root:useless_planets:10
INFO:root:useless_planets:10
INFO:root:useless_planets:10
INFO:root:useless_planets:10
INFO:root:useless_planets:10
INFO:root:useless_planets:10
INFO:root:useless_planets:10
INFO:root:useless_planets:10
INFO:root:useless_planets:10
INFO:root:Turn: 109
INFO:root:useless_planets:11
INFO:root:useless_planets:11
INFO:root:useless_planets:11
INFO:root:useless_planets:11
INFO:root:useless_planets:11
INFO:root:useless_planets:11
INFO:root:useless_planets:11
INFO:root:useless_planets:11
INFO:root:useless_planets:11
INFO:root:useless_planets:11
INFO:root:useless_planets:11
INFO:root:useless_planets:11
INFO:root:useless_planets:11
INFO:root:useless_planets:11
INFO:root:useless_planets:11
INFO:root:useless_planets:11
INFO:root:useless_planets:11
INFO:root:useless_planets:11
INFO:root:useless_planets:11
INFO:root:useless_planets:11
INFO:root:useless_planets:11
INFO:root:useless_planets:11
INFO:root:useless_planets:11
INFO:root:useless_planets:11
INFO:root:useless_planets:11
INFO:root:useless_planets:11
INFO:root:useless_planets:11
INFO:root:Turn: 110
INFO:root:useless_planets:12
INFO:root:useless_planets:12
INFO:root:useless_planets:12
INFO:root:useless_planets:12
INFO:root:useless_planets:12
INFO:root:useless_planets:12
INFO:root:useless_planets:12
INFO:root:useless_planets:12
INFO:root:useless_planets:12
INFO:root:useless_planets:12
INFO:root:useless_planets:12
INFO:root:useless_planets:12
INFO:root:useless_planets:12
INFO:root:useless_planets:12
INFO:root:useless_planets:12
INFO:root:useless_planets:12
INFO:root:useless_planets:12
INFO:root:useless_planets:12
INFO:root:useless_planets:12
INFO:root:useless_planets:12
INFO:root:useless_planets:12
INFO:root:useless_planets:12
INFO:root:useless_planets:12
INFO:root:useless_planets:12
INFO:root:useless_planets:12
INFO:root:useless_planets:12
INFO:root:useless_planets:12
INFO:root:useless_planets:12
INFO:root:Turn: 111
INFO:root:useless_planets:12
INFO:root:useless_planets:12
INFO:root:useless_planets:12
INFO:root:useless_planets:12
INFO:root:useless_planets:12
INFO:root:useless_planets:12
INFO:root:useless_planets:12
INFO:root:useless_planets:12
INFO:root:useless_planets:12
INFO:root:useless_planets:12
INFO:root:useless_planets:12
INFO:root:useless_planets:12
INFO:root:useless_planets:12
INFO:root:useless_planets:12
INFO:root:useless_planets:12
INFO:root:useless_planets:12
INFO:root:useless_planets:12
INFO:root:useless_planets:12
INFO:root:useless_planets:12
INFO:root:useless_planets:12
INFO:root:useless_planets:12
INFO:root:useless_planets:12
INFO:root:useless_planets:12
INFO:root:useless_planets:12
INFO:root:useless_planets:12
INFO:root:useless_planets:12
INFO:root:useless_planets:12
INFO:root:useless_planets:12
INFO:root:useless_planets:12
INFO:root:Turn: 112
INFO:root:useless_planets:12
INFO:root:useless_planets:12
INFO:root:useless_planets:12
INFO:root:useless_planets:12
INFO:root:useless_planets:12
INFO:root:useless_planets:12
INFO:root:useless_planets:12
INFO:root:useless_planets:12
INFO:root:useless_planets:12
INFO:root:useless_planets:12
INFO:root:useless_planets:12
INFO:root:useless_planets:12
INFO:root:useless_planets:12
INFO:root:useless_planets:12
INFO:root:useless_planets:12
INFO:root:useless_planets:12
INFO:root:useless_planets:12
INFO:root:useless_planets:12
INFO:root:useless_planets:12
INFO:root:useless_planets:12
INFO:root:useless_planets:12
INFO:root:useless_planets:12
INFO:root:useless_planets:12
INFO:root:useless_planets:12
INFO:root:useless_planets:12
INFO:root:useless_planets:12
INFO:root:useless_planets:12
INFO:root:useless_planets:12
INFO:root:useless_planets:12
INFO:root:useless_planets:12
INFO:root:Turn: 113
INFO:root:useless_planets:12
INFO:root:useless_planets:12
INFO:root:useless_planets:12
INFO:root:useless_planets:12
INFO:root:useless_planets:12
INFO:root:useless_planets:12
INFO:root:useless_planets:12
INFO:root:useless_planets:12
INFO:root:useless_planets:12
INFO:root:useless_planets:12
INFO:root:useless_planets:12
INFO:root:useless_planets:12
INFO:root:useless_planets:12
INFO:root:useless_planets:12
INFO:root:useless_planets:12
INFO:root:useless_planets:12
INFO:root:useless_planets:12
INFO:root:useless_planets:12
INFO:root:useless_planets:12
INFO:root:useless_planets:12
INFO:root:useless_planets:12
INFO:root:useless_planets:12
INFO:root:useless_planets:12
INFO:root:useless_planets:12
INFO:root:useless_planets:12
INFO:root:useless_planets:12
INFO:root:useless_planets:12
INFO:root:useless_planets:12
INFO:root:useless_planets:12
INFO:root:useless_planets:12
INFO:root:useless_planets:12
INFO:root:Turn: 114
INFO:root:useless_planets:12
INFO:root:useless_planets:12
INFO:root:useless_planets:12
INFO:root:useless_planets:12
INFO:root:useless_planets:12
INFO:root:useless_planets:12
INFO:root:useless_planets:12
INFO:root:useless_planets:12
INFO:root:useless_planets:12
INFO:root:useless_planets:12
INFO:root:useless_planets:12
INFO:root:useless_planets:12
INFO:root:useless_planets:12
INFO:root:useless_planets:12
INFO:root:useless_planets:12
INFO:root:useless_planets:12
INFO:root:useless_planets:12
INFO:root:useless_planets:12
INFO:root:useless_planets:12
INFO:root:useless_planets:12
INFO:root:useless_planets:12
INFO:root:useless_planets:12
INFO:root:useless_planets:12
INFO:root:useless_planets:12
INFO:root:useless_planets:12
INFO:root:useless_planets:12
INFO:root:useless_planets:12
INFO:root:useless_planets:12
INFO:root:useless_planets:12
INFO:root:useless_planets:12
INFO:root:useless_planets:12
INFO:root:useless_planets:12
INFO:root:useless_planets:12
INFO:root:Turn: 115
INFO:root:useless_planets:12
INFO:root:useless_planets:12
INFO:root:useless_planets:12
INFO:root:useless_planets:12
INFO:root:useless_planets:12
INFO:root:useless_planets:12
INFO:root:useless_planets:12
INFO:root:useless_planets:12
INFO:root:useless_planets:12
INFO:root:useless_planets:12
INFO:root:useless_planets:12
INFO:root:useless_planets:12
INFO:root:useless_planets:12
INFO:root:useless_planets:12
INFO:root:useless_planets:12
INFO:root:useless_planets:12
INFO:root:useless_planets:12
INFO:root:useless_planets:12
INFO:root:useless_planets:12
INFO:root:useless_planets:12
INFO:root:useless_planets:12
INFO:root:useless_planets:12
INFO:root:useless_planets:12
INFO:root:useless_planets:12
INFO:root:useless_planets:12
INFO:root:useless_planets:12
INFO:root:useless_planets:12
INFO:root:useless_planets:12
INFO:root:useless_planets:12
INFO:root:useless_planets:12
INFO:root:useless_planets:12
INFO:root:useless_planets:12
INFO:root:useless_planets:12
INFO:root:useless_planets:12
INFO:root:Turn: 116
INFO:root:useless_planets:12
INFO:root:useless_planets:12
INFO:root:useless_planets:12
INFO:root:useless_planets:12
INFO:root:useless_planets:12
INFO:root:useless_planets:12
INFO:root:useless_planets:12
INFO:root:useless_planets:12
INFO:root:useless_planets:12
INFO:root:useless_planets:12
INFO:root:useless_planets:12
INFO:root:useless_planets:12
INFO:root:useless_planets:12
INFO:root:useless_planets:12
INFO:root:useless_planets:12
INFO:root:useless_planets:12
INFO:root:useless_planets:12
INFO:root:useless_planets:12
INFO:root:useless_planets:12
INFO:root:useless_planets:12
INFO:root:useless_planets:12
INFO:root:useless_planets:12
INFO:root:useless_planets:12
INFO:root:useless_planets:12
INFO:root:useless_planets:12
INFO:root:useless_planets:12
INFO:root:useless_planets:12
INFO:root:useless_planets:12
INFO:root:useless_planets:12
INFO:root:useless_planets:12
INFO:root:useless_planets:12
INFO:root:useless_planets:12
INFO:root:useless_planets:12
INFO:root:useless_planets:12
INFO:root:useless_planets:12
INFO:root:useless_planets:12
INFO:root:Turn: 117
INFO:root:useless_planets:13
INFO:root:useless_planets:13
INFO:root:useless_planets:13
INFO:root:useless_planets:13
INFO:root:useless_planets:13
INFO:root:useless_planets:13
INFO:root:useless_planets:13
INFO:root:useless_planets:13
INFO:root:useless_planets:13
INFO:root:useless_planets:13
INFO:root:useless_planets:13
INFO:root:useless_planets:13
INFO:root:useless_planets:13
INFO:root:useless_planets:13
INFO:root:useless_planets:13
INFO:root:useless_planets:13
INFO:root:useless_planets:13
INFO:root:useless_planets:13
INFO:root:useless_planets:13
INFO:root:useless_planets:13
INFO:root:useless_planets:13
INFO:root:useless_planets:13
INFO:root:useless_planets:13
INFO:root:useless_planets:13
INFO:root:useless_planets:13
INFO:root:useless_planets:13
INFO:root:useless_planets:13
INFO:root:useless_planets:13
INFO:root:useless_planets:13
INFO:root:useless_planets:13
INFO:root:useless_planets:13
INFO:root:useless_planets:13
INFO:root:useless_planets:13
INFO:root:useless_planets:13
INFO:root:useless_planets:13
INFO:root:useless_planets:13
INFO:root:useless_planets:13
INFO:root:Turn: 118
INFO:root:useless_planets:13
INFO:root:useless_planets:13
INFO:root:useless_planets:13
INFO:root:useless_planets:13
INFO:root:useless_planets:13
INFO:root:useless_planets:13
INFO:root:useless_planets:13
INFO:root:useless_planets:13
INFO:root:useless_planets:13
INFO:root:useless_planets:13
INFO:root:useless_planets:13
INFO:root:useless_planets:13
INFO:root:useless_planets:13
INFO:root:useless_planets:13
INFO:root:useless_planets:13
INFO:root:useless_planets:13
INFO:root:useless_planets:13
INFO:root:useless_planets:13
INFO:root:useless_planets:13
INFO:root:useless_planets:13
INFO:root:useless_planets:13
INFO:root:useless_planets:13
INFO:root:useless_planets:13
INFO:root:useless_planets:13
INFO:root:useless_planets:13
INFO:root:useless_planets:13
INFO:root:useless_planets:13
INFO:root:useless_planets:13
INFO:root:useless_planets:13
INFO:root:useless_planets:13
INFO:root:useless_planets:13
INFO:root:useless_planets:13
INFO:root:useless_planets:13
INFO:root:useless_planets:13
INFO:root:useless_planets:13
INFO:root:useless_planets:13
INFO:root:useless_planets:13
INFO:root:useless_planets:13
INFO:root:Turn: 119
INFO:root:useless_planets:13
INFO:root:useless_planets:13
INFO:root:useless_planets:13
INFO:root:useless_planets:13
INFO:root:useless_planets:13
INFO:root:useless_planets:13
INFO:root:useless_planets:13
INFO:root:useless_planets:13
INFO:root:useless_planets:13
INFO:root:useless_planets:13
INFO:root:useless_planets:13
INFO:root:useless_planets:13
INFO:root:useless_planets:13
INFO:root:useless_planets:13
INFO:root:useless_planets:13
INFO:root:useless_planets:13
INFO:root:useless_planets:13
INFO:root:useless_planets:13
INFO:root:useless_planets:13
INFO:root:useless_planets:13
INFO:root:useless_planets:13
INFO:root:useless_planets:13
INFO:root:useless_planets:13
INFO:root:useless_planets:13
INFO:root:useless_planets:13
INFO:root:useless_planets:13
INFO:root:useless_planets:13
INFO:root:useless_planets:13
INFO:root:useless_planets:13
INFO:root:useless_planets:13
INFO:root:useless_planets:13
INFO:root:useless_planets:13
INFO:root:useless_planets:13
INFO:root:useless_planets:13
INFO:root:useless_planets:13
INFO:root:useless_planets:13
INFO:root:useless_planets:13
INFO:root:useless_planets:13
INFO:root:useless_planets:13
INFO:root:useless_planets:13
INFO:root:Turn: 120
INFO:root:useless_planets:13
INFO:root:useless_planets:13
INFO:root:useless_planets:13
INFO:root:useless_planets:13
INFO:root:useless_planets:13
INFO:root:useless_planets:13
INFO:root:useless_planets:13
INFO:root:useless_planets:13
INFO:root:useless_planets:13
INFO:root:useless_planets:13
INFO:root:useless_planets:13
INFO:root:useless_planets:13
INFO:root:useless_planets:13
INFO:root:useless_planets:13
INFO:root:useless_planets:13
INFO:root:useless_planets:13
INFO:root:useless_planets:13
INFO:root:useless_planets:13
INFO:root:useless_planets:13
INFO:root:useless_planets:13
INFO:root:useless_planets:13
INFO:root:useless_planets:13
INFO:root:useless_planets:13
INFO:root:useless_planets:13
INFO:root:useless_planets:13
INFO:root:useless_planets:13
INFO:root:useless_planets:13
INFO:root:useless_planets:13
INFO:root:useless_planets:13
INFO:root:useless_planets:13
INFO:root:useless_planets:13
INFO:root:useless_planets:13
INFO:root:useless_planets:13
INFO:root:useless_planets:13
INFO:root:useless_planets:13
INFO:root:useless_planets:13
INFO:root:useless_planets:13
INFO:root:useless_planets:13
INFO:root:Turn: 121
INFO:root:useless_planets:14
INFO:root:useless_planets:14
INFO:root:useless_planets:14
INFO:root:useless_planets:14
INFO:root:useless_planets:14
INFO:root:useless_planets:14
INFO:root:useless_planets:14
INFO:root:useless_planets:14
INFO:root:useless_planets:14
INFO:root:useless_planets:14
INFO:root:useless_planets:14
INFO:root:useless_planets:14
INFO:root:useless_planets:14
INFO:root:useless_planets:14
INFO:root:useless_planets:14
INFO:root:useless_planets:14
INFO:root:useless_planets:14
INFO:root:useless_planets:14
INFO:root:useless_planets:14
INFO:root:useless_planets:14
INFO:root:useless_planets:14
INFO:root:useless_planets:14
INFO:root:useless_planets:14
INFO:root:useless_planets:14
INFO:root:useless_planets:14
INFO:root:useless_planets:14
INFO:root:useless_planets:14
INFO:root:useless_planets:14
INFO:root:useless_planets:14
INFO:root:useless_planets:14
INFO:root:useless_planets:14
INFO:root:useless_planets:14
INFO:root:useless_planets:14
INFO:root:useless_planets:14
INFO:root:useless_planets:14
INFO:root:useless_planets:14
INFO:root:useless_planets:14
INFO:root:useless_planets:14
INFO:root:useless_planets:14
INFO:root:Turn: 122
INFO:root:useless_planets:14
INFO:root:useless_planets:14
INFO:root:useless_planets:14
INFO:root:useless_planets:14
INFO:root:useless_planets:14
INFO:root:useless_planets:14
INFO:root:useless_planets:14
INFO:root:useless_planets:14
INFO:root:useless_planets:14
INFO:root:useless_planets:14
INFO:root:useless_planets:14
INFO:root:useless_planets:14
INFO:root:useless_planets:14
INFO:root:useless_planets:14
INFO:root:useless_planets:14
INFO:root:useless_planets:14
INFO:root:useless_planets:14
INFO:root:useless_planets:14
INFO:root:useless_planets:14
INFO:root:useless_planets:14
INFO:root:useless_planets:14
INFO:root:useless_planets:14
INFO:root:useless_planets:14
INFO:root:useless_planets:14
INFO:root:useless_planets:14
INFO:root:useless_planets:14
INFO:root:useless_planets:14
INFO:root:useless_planets:14
INFO:root:useless_planets:14
INFO:root:useless_planets:14
INFO:root:useless_planets:14
INFO:root:useless_planets:14
INFO:root:useless_planets:14
INFO:root:useless_planets:14
INFO:root:useless_planets:14
INFO:root:useless_planets:14
INFO:root:useless_planets:14
INFO:root:useless_planets:14
INFO:root:useless_planets:14
INFO:root:useless_planets:14
INFO:root:Turn: 123
INFO:root:useless_planets:14
INFO:root:useless_planets:14
INFO:root:useless_planets:14
INFO:root:useless_planets:14
INFO:root:useless_planets:14
INFO:root:useless_planets:14
INFO:root:useless_planets:14
INFO:root:useless_planets:14
INFO:root:useless_planets:14
INFO:root:useless_planets:14
INFO:root:useless_planets:14
INFO:root:useless_planets:14
INFO:root:useless_planets:14
INFO:root:useless_planets:14
INFO:root:useless_planets:14
INFO:root:useless_planets:14
INFO:root:useless_planets:14
INFO:root:useless_planets:14
INFO:root:useless_planets:14
INFO:root:useless_planets:14
INFO:root:useless_planets:14
INFO:root:useless_planets:14
INFO:root:useless_planets:14
INFO:root:useless_planets:14
INFO:root:useless_planets:14
INFO:root:useless_planets:14
INFO:root:useless_planets:14
INFO:root:useless_planets:14
INFO:root:useless_planets:14
INFO:root:useless_planets:14
INFO:root:useless_planets:14
INFO:root:useless_planets:14
INFO:root:useless_planets:14
INFO:root:useless_planets:14
INFO:root:useless_planets:14
INFO:root:useless_planets:14
INFO:root:useless_planets:14
INFO:root:useless_planets:14
INFO:root:useless_planets:14
INFO:root:useless_planets:14
INFO:root:Turn: 124
INFO:root:useless_planets:14
INFO:root:useless_planets:14
INFO:root:useless_planets:14
INFO:root:useless_planets:14
INFO:root:useless_planets:14
INFO:root:useless_planets:14
INFO:root:useless_planets:14
INFO:root:useless_planets:14
INFO:root:useless_planets:14
INFO:root:useless_planets:14
INFO:root:useless_planets:14
INFO:root:useless_planets:14
INFO:root:useless_planets:14
INFO:root:useless_planets:14
INFO:root:useless_planets:14
INFO:root:useless_planets:14
INFO:root:useless_planets:14
INFO:root:useless_planets:14
INFO:root:useless_planets:14
INFO:root:useless_planets:14
INFO:root:useless_planets:14
INFO:root:useless_planets:14
INFO:root:useless_planets:14
INFO:root:useless_planets:14
INFO:root:useless_planets:14
INFO:root:useless_planets:14
INFO:root:useless_planets:14
INFO:root:useless_planets:14
INFO:root:useless_planets:14
INFO:root:useless_planets:14
INFO:root:useless_planets:14
INFO:root:useless_planets:14
INFO:root:useless_planets:14
INFO:root:useless_planets:14
INFO:root:useless_planets:14
INFO:root:useless_planets:14
INFO:root:useless_planets:14
INFO:root:useless_planets:14
INFO:root:useless_planets:14
INFO:root:useless_planets:14
INFO:root:useless_planets:14
INFO:root:Turn: 125
INFO:root:useless_planets:14
INFO:root:useless_planets:14
INFO:root:useless_planets:14
INFO:root:useless_planets:14
INFO:root:useless_planets:14
INFO:root:useless_planets:14
INFO:root:useless_planets:14
INFO:root:useless_planets:14
INFO:root:useless_planets:14
INFO:root:useless_planets:14
INFO:root:useless_planets:14
INFO:root:useless_planets:14
INFO:root:useless_planets:14
INFO:root:useless_planets:14
INFO:root:useless_planets:14
INFO:root:useless_planets:14
INFO:root:useless_planets:14
INFO:root:useless_planets:14
INFO:root:useless_planets:14
INFO:root:useless_planets:14
INFO:root:useless_planets:14
INFO:root:useless_planets:14
INFO:root:useless_planets:14
INFO:root:useless_planets:14
INFO:root:useless_planets:14
INFO:root:useless_planets:14
INFO:root:useless_planets:14
INFO:root:useless_planets:14
INFO:root:useless_planets:14
INFO:root:useless_planets:14
INFO:root:useless_planets:14
INFO:root:useless_planets:14
INFO:root:useless_planets:14
INFO:root:useless_planets:14
INFO:root:useless_planets:14
INFO:root:useless_planets:14
INFO:root:useless_planets:14
INFO:root:useless_planets:14
INFO:root:useless_planets:14
INFO:root:useless_planets:14
INFO:root:useless_planets:14
INFO:root:useless_planets:14
INFO:root:Turn: 126
INFO:root:useless_planets:14
INFO:root:useless_planets:14
INFO:root:useless_planets:14
INFO:root:useless_planets:14
INFO:root:useless_planets:14
INFO:root:useless_planets:14
INFO:root:useless_planets:14
INFO:root:useless_planets:14
INFO:root:useless_planets:14
INFO:root:useless_planets:14
INFO:root:useless_planets:14
INFO:root:useless_planets:14
INFO:root:useless_planets:14
INFO:root:useless_planets:14
INFO:root:useless_planets:14
INFO:root:useless_planets:14
INFO:root:useless_planets:14
INFO:root:useless_planets:14
INFO:root:useless_planets:14
INFO:root:useless_planets:14
INFO:root:useless_planets:14
INFO:root:useless_planets:14
INFO:root:useless_planets:14
INFO:root:useless_planets:14
INFO:root:useless_planets:14
INFO:root:useless_planets:14
INFO:root:useless_planets:14
INFO:root:useless_planets:14
INFO:root:useless_planets:14
INFO:root:useless_planets:14
INFO:root:useless_planets:14
INFO:root:useless_planets:14
INFO:root:useless_planets:14
INFO:root:useless_planets:14
INFO:root:useless_planets:14
INFO:root:useless_planets:14
INFO:root:useless_planets:14
INFO:root:useless_planets:14
INFO:root:useless_planets:14
INFO:root:useless_planets:14
INFO:root:useless_planets:14
INFO:root:useless_planets:14
INFO:root:Turn: 127
INFO:root:useless_planets:14
INFO:root:useless_planets:14
INFO:root:useless_planets:14
INFO:root:useless_planets:14
INFO:root:useless_planets:14
INFO:root:useless_planets:14
INFO:root:useless_planets:14
INFO:root:useless_planets:14
INFO:root:useless_planets:14
INFO:root:useless_planets:14
INFO:root:useless_planets:14
INFO:root:useless_planets:14
INFO:root:useless_planets:14
INFO:root:useless_planets:14
INFO:root:useless_planets:14
INFO:root:useless_planets:14
INFO:root:useless_planets:14
INFO:root:useless_planets:14
INFO:root:useless_planets:14
INFO:root:useless_planets:14
INFO:root:useless_planets:14
INFO:root:useless_planets:14
INFO:root:useless_planets:14
INFO:root:useless_planets:14
INFO:root:useless_planets:14
INFO:root:useless_planets:14
INFO:root:useless_planets:14
INFO:root:useless_planets:14
INFO:root:useless_planets:14
INFO:root:useless_planets:14
INFO:root:useless_planets:14
INFO:root:useless_planets:14
INFO:root:useless_planets:14
INFO:root:useless_planets:14
INFO:root:useless_planets:14
INFO:root:useless_planets:14
INFO:root:useless_planets:14
INFO:root:useless_planets:14
INFO:root:useless_planets:14
INFO:root:useless_planets:14
INFO:root:useless_planets:14
INFO:root:useless_planets:14
INFO:root:useless_planets:14
INFO:root:useless_planets:14
INFO:root:Turn: 128
INFO:root:useless_planets:14
INFO:root:useless_planets:14
INFO:root:useless_planets:14
INFO:root:useless_planets:14
INFO:root:useless_planets:14
INFO:root:useless_planets:14
INFO:root:useless_planets:14
INFO:root:useless_planets:14
INFO:root:useless_planets:14
INFO:root:useless_planets:14
INFO:root:useless_planets:14
INFO:root:useless_planets:14
INFO:root:useless_planets:14
INFO:root:useless_planets:14
INFO:root:useless_planets:14
INFO:root:useless_planets:14
INFO:root:useless_planets:14
INFO:root:useless_planets:14
INFO:root:useless_planets:14
INFO:root:useless_planets:14
INFO:root:useless_planets:14
INFO:root:useless_planets:14
INFO:root:useless_planets:14
INFO:root:useless_planets:14
INFO:root:useless_planets:14
INFO:root:useless_planets:14
INFO:root:useless_planets:14
INFO:root:useless_planets:14
INFO:root:useless_planets:14
INFO:root:useless_planets:14
INFO:root:useless_planets:14
INFO:root:useless_planets:14
INFO:root:useless_planets:14
INFO:root:useless_planets:14
INFO:root:useless_planets:14
INFO:root:useless_planets:14
